<?xml version="1.0" encoding="UTF-8"?>
<testng-results ignored="0" total="1" passed="1" failed="0" skipped="0">
  <reporter-output>
  </reporter-output>
  <suite started-at="2022-02-14T15:53:00 EST" name="Default suite" finished-at="2022-02-14T15:54:21 EST" duration-ms="81415">
    <groups>
    </groups>
    <test started-at="2022-02-14T15:53:00 EST" name="Default test" finished-at="2022-02-14T15:54:21 EST" duration-ms="81415">
      <class name="testcases.TestLoginFunction">
        <test-method is-config="true" signature="beforeMethod()[pri:0, instance:testcases.TestLoginFunction@1afdd473]" started-at="2022-02-14T15:53:00 EST" name="beforeMethod" finished-at="2022-02-14T15:53:10 EST" duration-ms="9550" status="PASS">
          <reporter-output>
          </reporter-output>
        </test-method> <!-- beforeMethod -->
        <test-method signature="InvalidLogintest()[pri:0, instance:testcases.TestLoginFunction@1afdd473]" started-at="2022-02-14T15:53:10 EST" name="InvalidLogintest" finished-at="2022-02-14T15:53:13 EST" duration-ms="3569" status="PASS">
          <reporter-output>
          </reporter-output>
        </test-method> <!-- InvalidLogintest -->
        <test-method is-config="true" signature="afterMethod()[pri:0, instance:testcases.TestLoginFunction@1afdd473]" started-at="2022-02-14T15:53:13 EST" name="afterMethod" finished-at="2022-02-14T15:54:21 EST" duration-ms="68227" status="PASS">
          <reporter-output>
          </reporter-output>
        </test-method> <!-- afterMethod -->
      </class> <!-- testcases.TestLoginFunction -->
    </test> <!-- Default test -->
  </suite> <!-- Default suite -->
</testng-results>
